<?xml version='1.0' encoding='UTF-8' ?>
<testsuites tests="1" failures="0" errors="0" skipped="0" time="0.000" timestamp="2026-09-23T22:41:55" hostname="localhost">
  <testsuite name="co.sorsby.debugtoolkit.baselineprofile.BaselineProfileGenerator" tests="1" failures="0" errors="0" skipped="0" time="55.252" timestamp="2026-09-23T22:41:55" hostname="localhost">
    <properties>
      <property name="device" value="emulator-5554" />
    </properties>
    <testcase name="generate" classname="co.sorsby.debugtoolkit.baselineprofile.BaselineProfileGenerator" time="55.252" />
  </testsuite>
</testsuites>
